{"total": {"lines":{"total":408,"covered":403,"skipped":0,"pct":98.77},"statements":{"total":414,"covered":409,"skipped":0,"pct":98.79},"functions":{"total":97,"covered":96,"skipped":0,"pct":98.97},"branches":{"total":380,"covered":361,"skipped":0,"pct":95}}
,"/Users/tin/projects/duckfficer/dist/duckfficer.js": {"lines":{"total":408,"covered":403,"skipped":0,"pct":98.77},"functions":{"total":97,"covered":96,"skipped":0,"pct":98.97},"statements":{"total":414,"covered":409,"skipped":0,"pct":98.79},"branches":{"total":380,"covered":361,"skipped":0,"pct":95}}
}
