{"total": {"lines":{"total":403,"covered":398,"skipped":0,"pct":98.76},"statements":{"total":409,"covered":404,"skipped":0,"pct":98.78},"functions":{"total":96,"covered":95,"skipped":0,"pct":98.96},"branches":{"total":375,"covered":355,"skipped":0,"pct":94.67}}
,"/Users/tin/projects/duckfficer/dist/duckfficer.js": {"lines":{"total":403,"covered":398,"skipped":0,"pct":98.76},"functions":{"total":96,"covered":95,"skipped":0,"pct":98.96},"statements":{"total":409,"covered":404,"skipped":0,"pct":98.78},"branches":{"total":375,"covered":355,"skipped":0,"pct":94.67}}
}
