TN:
SF:dist/schema-validator.js
FN:16,castArray
FN:46,obj2dot
FN:48,(anonymous_2)
FN:80,find
FN:94,forEach
FN:103,escapeRegExp
FN:126,render
FN:128,(anonymous_7)
FN:134,getSubProperties
FN:137,(anonymous_9)
FN:137,(anonymous_10)
FN:168,propertiesRestricted
FN:176,(anonymous_12)
FN:189,(anonymous_13)
FN:194,(anonymous_14)
FN:197,(anonymous_15)
FN:249,castThrowable
FN:321,(anonymous_17)
FN:323,(anonymous_18)
FN:339,(anonymous_19)
FN:359,(anonymous_20)
FN:364,(anonymous_21)
FN:389,(anonymous_22)
FN:392,(anonymous_23)
FN:412,(anonymous_24)
FN:424,(anonymous_25)
FN:441,(anonymous_26)
FN:461,(anonymous_27)
FN:468,(anonymous_28)
FN:502,(anonymous_29)
FN:505,(anonymous_30)
FN:522,(anonymous_31)
FN:543,(anonymous_32)
FN:545,(anonymous_33)
FN:566,(anonymous_34)
FN:586,(anonymous_35)
FN:590,(anonymous_36)
FN:601,(anonymous_37)
FN:621,(anonymous_38)
FN:628,(anonymous_39)
FN:662,(anonymous_40)
FN:668,(anonymous_41)
FN:701,(anonymous_42)
FN:729,(anonymous_43)
FN:739,(anonymous_44)
FN:754,(anonymous_45)
FN:825,(anonymous_46)
FN:876,(anonymous_47)
FN:880,(anonymous_48)
FN:884,(anonymous_49)
FN:888,(anonymous_50)
FN:895,(anonymous_51)
FN:905,(anonymous_52)
FN:914,(anonymous_53)
FN:915,(anonymous_54)
FN:945,(anonymous_55)
FN:949,(anonymous_56)
FN:973,(anonymous_57)
FN:977,(anonymous_58)
FN:978,(anonymous_59)
FN:984,(anonymous_60)
FN:990,(anonymous_61)
FN:991,(anonymous_62)
FN:1000,(anonymous_63)
FN:1009,(anonymous_64)
FN:1022,(anonymous_65)
FN:1025,(anonymous_66)
FN:1045,(anonymous_67)
FN:1054,(anonymous_68)
FN:1062,(anonymous_69)
FN:1073,(anonymous_70)
FN:1091,(anonymous_71)
FN:1094,(anonymous_72)
FN:1112,(anonymous_73)
FN:1139,(anonymous_74)
FN:1155,(anonymous_75)
FN:1157,(anonymous_76)
FN:1180,(anonymous_77)
FN:1188,(anonymous_78)
FN:1247,(anonymous_79)
FN:1255,(anonymous_80)
FN:1271,(anonymous_81)
FN:1275,(anonymous_82)
FN:1302,(anonymous_83)
FN:1310,(anonymous_84)
FN:1314,(anonymous_85)
FNF:86
FNH:86
FNDA:270,castArray
FNDA:1058,obj2dot
FNDA:4314,(anonymous_2)
FNDA:10615,find
FNDA:664,forEach
FNDA:10483,escapeRegExp
FNDA:140,render
FNDA:3385,(anonymous_7)
FNDA:6,getSubProperties
FNDA:37,(anonymous_9)
FNDA:25,(anonymous_10)
FNDA:130,propertiesRestricted
FNDA:37,(anonymous_12)
FNDA:262,(anonymous_13)
FNDA:86,(anonymous_14)
FNDA:10,(anonymous_15)
FNDA:32,castThrowable
FNDA:8,(anonymous_17)
FNDA:8,(anonymous_18)
FNDA:11,(anonymous_19)
FNDA:5,(anonymous_20)
FNDA:2,(anonymous_21)
FNDA:2,(anonymous_22)
FNDA:7,(anonymous_23)
FNDA:28,(anonymous_24)
FNDA:32,(anonymous_25)
FNDA:6,(anonymous_26)
FNDA:1,(anonymous_27)
FNDA:2,(anonymous_28)
FNDA:4,(anonymous_29)
FNDA:43,(anonymous_30)
FNDA:29,(anonymous_31)
FNDA:5,(anonymous_32)
FNDA:6,(anonymous_33)
FNDA:7,(anonymous_34)
FNDA:12,(anonymous_35)
FNDA:4,(anonymous_36)
FNDA:8,(anonymous_37)
FNDA:3,(anonymous_38)
FNDA:5,(anonymous_39)
FNDA:1,(anonymous_40)
FNDA:146,(anonymous_41)
FNDA:129,(anonymous_42)
FNDA:139,(anonymous_43)
FNDA:1,(anonymous_44)
FNDA:1226,(anonymous_45)
FNDA:257,(anonymous_46)
FNDA:4021,(anonymous_47)
FNDA:278,(anonymous_48)
FNDA:958,(anonymous_49)
FNDA:2968,(anonymous_50)
FNDA:21,(anonymous_51)
FNDA:4,(anonymous_52)
FNDA:71,(anonymous_53)
FNDA:157,(anonymous_54)
FNDA:257,(anonymous_55)
FNDA:954,(anonymous_56)
FNDA:171,(anonymous_57)
FNDA:342,(anonymous_58)
FNDA:766,(anonymous_59)
FNDA:75,(anonymous_60)
FNDA:55,(anonymous_61)
FNDA:61,(anonymous_62)
FNDA:21,(anonymous_63)
FNDA:9,(anonymous_64)
FNDA:513,(anonymous_65)
FNDA:893,(anonymous_66)
FNDA:15,(anonymous_67)
FNDA:402,(anonymous_68)
FNDA:12,(anonymous_69)
FNDA:257,(anonymous_70)
FNDA:958,(anonymous_71)
FNDA:297,(anonymous_72)
FNDA:411,(anonymous_73)
FNDA:2,(anonymous_74)
FNDA:11,(anonymous_75)
FNDA:11,(anonymous_76)
FNDA:315,(anonymous_77)
FNDA:10,(anonymous_78)
FNDA:116,(anonymous_79)
FNDA:252,(anonymous_80)
FNDA:252,(anonymous_81)
FNDA:252,(anonymous_82)
FNDA:1038,(anonymous_83)
FNDA:81,(anonymous_84)
FNDA:426,(anonymous_85)
DA:8,19
DA:17,270
DA:47,1058
DA:48,1058
DA:49,4314
DA:50,913
DA:52,3401
DA:54,1058
DA:81,10615
DA:82,10615
DA:83,7071
DA:85,3544
DA:95,664
DA:96,1213
DA:97,526
DA:104,10483
DA:127,140
DA:128,140
DA:129,3385
DA:131,140
DA:135,6
DA:136,6
DA:137,37
DA:169,130
DA:170,1
DA:173,129
DA:175,129
DA:176,9
DA:177,37
DA:178,6
DA:179,6
DA:182,31
DA:183,2
DA:188,129
DA:189,125
DA:190,262
DA:191,27
DA:192,27
DA:193,27
DA:195,86
DA:198,10
DA:199,10
DA:202,27
DA:205,235
DA:206,5
DA:211,129
DA:214,19
DA:250,32
DA:251,14
DA:254,18
DA:306,19
DA:322,8
DA:323,4
DA:324,8
DA:325,8
DA:334,8
DA:337,6
DA:340,11
DA:341,3
DA:360,5
DA:361,3
DA:365,2
DA:366,2
DA:367,2
DA:372,2
DA:390,2
DA:393,7
DA:394,2
DA:413,28
DA:414,3
DA:417,25
DA:419,25
DA:420,20
DA:422,25
DA:425,32
DA:426,8
DA:442,6
DA:443,4
DA:462,1
DA:463,1
DA:466,1
DA:469,2
DA:470,1
DA:503,4
DA:506,43
DA:507,11
DA:510,32
DA:511,1
DA:514,31
DA:515,1
DA:518,30
DA:519,1
DA:523,29
DA:524,2
DA:525,2
DA:527,27
DA:544,5
DA:545,3
DA:546,6
DA:547,6
DA:548,6
DA:560,6
DA:564,3
DA:567,7
DA:568,2
DA:587,12
DA:591,4
DA:592,1
DA:595,3
DA:596,2
DA:599,1
DA:602,8
DA:603,2
DA:622,3
DA:623,1
DA:626,3
DA:629,5
DA:630,3
DA:663,1
DA:664,1
DA:666,1
DA:669,146
DA:670,7
DA:673,139
DA:674,1
DA:677,138
DA:678,2
DA:680,2
DA:681,1
DA:685,137
DA:686,2
DA:688,2
DA:689,1
DA:693,136
DA:694,17
DA:696,17
DA:697,6
DA:702,129
DA:703,1
DA:705,129
DA:706,1
DA:708,129
DA:730,139
DA:731,139
DA:732,139
DA:733,139
DA:740,1
DA:741,1
DA:745,1
DA:746,1
DA:750,1
DA:754,1226
DA:826,257
DA:828,257
DA:829,1
DA:832,257
DA:833,257
DA:835,257
DA:837,257
DA:838,257
DA:839,257
DA:840,257
DA:841,257
DA:842,257
DA:843,257
DA:848,257
DA:854,257
DA:862,257
DA:863,71
DA:865,186
DA:866,186
DA:869,256
DA:870,1
DA:873,255
DA:877,4021
DA:881,278
DA:885,958
DA:889,2968
DA:890,2671
DA:892,297
DA:896,21
DA:897,4
DA:899,17
DA:900,10
DA:902,7
DA:906,4
DA:907,3
DA:909,1
DA:910,1
DA:911,1
DA:915,71
DA:916,157
DA:918,157
DA:919,2
DA:924,2
DA:927,155
DA:928,4
DA:935,151
DA:946,257
DA:950,954
DA:951,22
DA:954,932
DA:955,520
DA:958,412
DA:959,235
DA:962,177
DA:963,144
DA:966,33
DA:967,5
DA:970,33
DA:974,171
DA:978,766
DA:985,75
DA:987,75
DA:989,75
DA:990,22
DA:991,55
DA:992,61
DA:997,75
DA:1001,21
DA:1008,21
DA:1009,21
DA:1014,21
DA:1023,513
DA:1025,513
DA:1026,893
DA:1027,513
DA:1028,513
DA:1032,513
DA:1033,1
DA:1036,512
DA:1046,15
DA:1055,402
DA:1056,288
DA:1059,114
DA:1060,114
DA:1061,4
DA:1062,4
DA:1063,12
DA:1067,6
DA:1073,114
DA:1074,257
DA:1075,257
DA:1077,1
DA:1078,1
DA:1082,114
DA:1083,5
DA:1092,958
DA:1093,958
DA:1094,128
DA:1095,297
DA:1096,297
DA:1097,249
DA:1101,958
DA:1115,411
DA:1117,411
DA:1118,145
DA:1121,407
DA:1122,114
DA:1125,293
DA:1136,278
DA:1139,276
DA:1140,2
DA:1145,276
DA:1157,11
DA:1159,11
DA:1160,6
DA:1163,11
DA:1164,11
DA:1166,11
DA:1167,11
DA:1174,11
DA:1177,7
DA:1181,315
DA:1182,1
DA:1185,314
DA:1186,6
DA:1188,6
DA:1189,10
DA:1190,10
DA:1191,10
DA:1192,4
DA:1193,4
DA:1198,6
DA:1199,2
DA:1201,4
DA:1203,308
DA:1205,308
DA:1206,3
DA:1209,305
DA:1210,13
DA:1213,305
DA:1214,12
DA:1217,293
DA:1218,11
DA:1219,11
DA:1223,282
DA:1224,2
DA:1228,281
DA:1229,9
DA:1232,278
DA:1235,278
DA:1236,46
DA:1240,278
DA:1241,219
DA:1244,217
DA:1248,116
DA:1249,2
DA:1251,114
DA:1252,114
DA:1255,114
DA:1256,252
DA:1257,252
DA:1259,59
DA:1260,59
DA:1261,3
DA:1263,56
DA:1266,0
DA:1271,114
DA:1272,252
DA:1273,252
DA:1275,252
DA:1279,252
DA:1280,193
DA:1281,180
DA:1286,114
DA:1287,52
DA:1290,62
DA:1303,1038
DA:1304,525
DA:1307,513
DA:1311,81
DA:1315,426
DA:1316,171
DA:1319,255
DA:1320,156
DA:1325,19
DA:1326,19
DA:1327,19
DA:1328,19
LF:340
LH:339
BRDA:17,0,0,14
BRDA:17,0,1,256
BRDA:46,1,0,145
BRDA:46,2,0,145
BRDA:46,3,0,145
BRDA:49,4,0,913
BRDA:49,4,1,3401
BRDA:49,5,0,4314
BRDA:49,5,1,2913
BRDA:49,5,2,1499
BRDA:81,6,0,7071
BRDA:81,6,1,3544
BRDA:82,7,0,7071
BRDA:82,7,1,3544
BRDA:82,8,0,10615
BRDA:82,8,1,7081
BRDA:85,9,0,3543
BRDA:85,9,1,1
BRDA:96,10,0,526
BRDA:96,10,1,683
BRDA:168,11,0,121
BRDA:168,12,0,121
BRDA:169,13,0,1
BRDA:169,13,1,129
BRDA:169,14,0,130
BRDA:169,14,1,129
BRDA:175,15,0,9
BRDA:175,15,1,120
BRDA:177,16,0,6
BRDA:177,16,1,31
BRDA:182,17,0,2
BRDA:182,17,1,29
BRDA:188,18,0,125
BRDA:188,18,1,4
BRDA:190,19,0,27
BRDA:190,19,1,235
BRDA:190,20,0,262
BRDA:190,20,1,37
BRDA:202,21,0,27
BRDA:202,21,1,3
BRDA:205,22,0,5
BRDA:205,22,1,230
BRDA:250,23,0,14
BRDA:250,23,1,18
BRDA:250,24,0,32
BRDA:250,24,1,14
BRDA:322,25,0,4
BRDA:322,25,1,4
BRDA:325,26,0,4
BRDA:325,26,1,4
BRDA:340,27,0,3
BRDA:340,27,1,8
BRDA:360,28,0,3
BRDA:360,28,1,2
BRDA:365,29,0,2
BRDA:365,29,1,0
BRDA:393,30,0,2
BRDA:393,30,1,5
BRDA:413,31,0,3
BRDA:413,31,1,25
BRDA:417,32,0,5
BRDA:417,32,1,20
BRDA:419,33,0,20
BRDA:419,33,1,5
BRDA:425,34,0,8
BRDA:425,34,1,24
BRDA:442,35,0,4
BRDA:442,35,1,2
BRDA:462,36,0,1
BRDA:462,36,1,0
BRDA:462,37,0,1
BRDA:462,37,1,1
BRDA:462,37,2,1
BRDA:469,38,0,1
BRDA:469,38,1,1
BRDA:506,39,0,11
BRDA:506,39,1,32
BRDA:506,40,0,43
BRDA:506,40,1,33
BRDA:510,41,0,1
BRDA:510,41,1,31
BRDA:510,42,0,32
BRDA:510,42,1,2
BRDA:514,43,0,1
BRDA:514,43,1,30
BRDA:514,44,0,31
BRDA:514,44,1,2
BRDA:518,45,0,1
BRDA:518,45,1,29
BRDA:518,46,0,30
BRDA:518,46,1,2
BRDA:523,47,0,2
BRDA:523,47,1,27
BRDA:544,48,0,3
BRDA:544,48,1,2
BRDA:548,49,0,4
BRDA:548,49,1,2
BRDA:567,50,0,2
BRDA:567,50,1,5
BRDA:587,51,0,12
BRDA:587,51,1,7
BRDA:591,52,0,1
BRDA:591,52,1,3
BRDA:595,53,0,2
BRDA:595,53,1,1
BRDA:602,54,0,2
BRDA:602,54,1,6
BRDA:622,55,0,1
BRDA:622,55,1,2
BRDA:629,56,0,3
BRDA:629,56,1,2
BRDA:663,57,0,1
BRDA:663,57,1,0
BRDA:663,58,0,1
BRDA:663,58,1,1
BRDA:663,58,2,1
BRDA:663,58,3,1
BRDA:669,59,0,7
BRDA:669,59,1,139
BRDA:673,60,0,1
BRDA:673,60,1,138
BRDA:673,61,0,139
BRDA:673,61,1,133
BRDA:673,61,2,2
BRDA:677,62,0,2
BRDA:677,62,1,136
BRDA:680,63,0,1
BRDA:680,63,1,1
BRDA:685,64,0,2
BRDA:685,64,1,135
BRDA:688,65,0,1
BRDA:688,65,1,1
BRDA:693,66,0,17
BRDA:693,66,1,119
BRDA:696,67,0,6
BRDA:696,67,1,11
BRDA:702,68,0,1
BRDA:702,68,1,128
BRDA:705,69,0,1
BRDA:705,69,1,128
BRDA:729,70,0,82
BRDA:745,71,0,1
BRDA:745,71,1,0
BRDA:825,72,0,90
BRDA:825,73,0,256
BRDA:825,74,0,255
BRDA:828,75,0,1
BRDA:828,75,1,256
BRDA:828,76,0,257
BRDA:828,76,1,3
BRDA:838,77,0,257
BRDA:838,77,1,99
BRDA:862,78,0,71
BRDA:862,78,1,186
BRDA:865,79,0,87
BRDA:865,79,1,99
BRDA:869,80,0,1
BRDA:869,80,1,255
BRDA:869,81,0,256
BRDA:869,81,1,11
BRDA:881,82,0,278
BRDA:881,82,1,274
BRDA:885,83,0,958
BRDA:885,83,1,952
BRDA:889,84,0,2671
BRDA:889,84,1,297
BRDA:889,85,0,2968
BRDA:889,85,1,2782
BRDA:889,85,2,2779
BRDA:896,86,0,4
BRDA:896,86,1,17
BRDA:899,87,0,10
BRDA:899,87,1,7
BRDA:899,88,0,17
BRDA:899,88,1,15
BRDA:906,89,0,3
BRDA:906,89,1,1
BRDA:918,90,0,2
BRDA:918,90,1,155
BRDA:918,91,0,157
BRDA:918,91,1,155
BRDA:927,92,0,4
BRDA:927,92,1,151
BRDA:946,93,0,257
BRDA:946,93,1,75
BRDA:950,94,0,22
BRDA:950,94,1,932
BRDA:954,95,0,520
BRDA:954,95,1,412
BRDA:958,96,0,235
BRDA:958,96,1,177
BRDA:958,97,0,412
BRDA:958,97,1,384
BRDA:962,98,0,144
BRDA:962,98,1,33
BRDA:962,99,0,177
BRDA:962,99,1,149
BRDA:966,100,0,5
BRDA:966,100,1,28
BRDA:974,101,0,10
BRDA:974,101,1,161
BRDA:974,102,0,171
BRDA:974,102,1,87
BRDA:987,103,0,75
BRDA:987,103,1,59
BRDA:989,104,0,22
BRDA:989,104,1,53
BRDA:992,105,0,10
BRDA:992,105,1,51
BRDA:1000,106,0,9
BRDA:1002,107,0,21
BRDA:1002,107,1,11
BRDA:1005,108,0,21
BRDA:1005,108,1,21
BRDA:1008,109,0,21
BRDA:1008,109,1,0
BRDA:1026,110,0,513
BRDA:1026,110,1,380
BRDA:1032,111,0,1
BRDA:1032,111,1,512
BRDA:1045,112,0,14
BRDA:1046,113,0,1
BRDA:1046,113,1,14
BRDA:1055,114,0,288
BRDA:1055,114,1,114
BRDA:1055,115,0,402
BRDA:1055,115,1,360
BRDA:1060,116,0,4
BRDA:1060,116,1,110
BRDA:1061,117,0,4
BRDA:1061,117,1,0
BRDA:1063,118,0,6
BRDA:1063,118,1,6
BRDA:1064,119,0,12
BRDA:1064,119,1,12
BRDA:1067,120,0,1
BRDA:1067,120,1,5
BRDA:1082,121,0,5
BRDA:1082,121,1,109
BRDA:1083,122,0,1
BRDA:1083,122,1,4
BRDA:1093,123,0,128
BRDA:1093,123,1,830
BRDA:1093,124,0,958
BRDA:1093,124,1,204
BRDA:1093,124,2,199
BRDA:1096,125,0,249
BRDA:1096,125,1,48
BRDA:1112,126,0,147
BRDA:1112,127,0,147
BRDA:1117,128,0,145
BRDA:1117,128,1,266
BRDA:1121,129,0,114
BRDA:1121,129,1,293
BRDA:1159,130,0,6
BRDA:1159,130,1,5
BRDA:1166,131,0,11
BRDA:1166,131,1,0
BRDA:1180,132,0,1
BRDA:1180,133,0,1
BRDA:1181,134,0,1
BRDA:1181,134,1,314
BRDA:1181,135,0,315
BRDA:1181,135,1,2
BRDA:1185,136,0,6
BRDA:1185,136,1,308
BRDA:1198,137,0,2
BRDA:1198,137,1,4
BRDA:1199,138,0,1
BRDA:1199,138,1,1
BRDA:1205,139,0,3
BRDA:1205,139,1,305
BRDA:1209,140,0,13
BRDA:1209,140,1,292
BRDA:1209,141,0,305
BRDA:1209,141,1,17
BRDA:1210,142,0,7
BRDA:1210,142,1,6
BRDA:1213,143,0,12
BRDA:1213,143,1,293
BRDA:1213,144,0,305
BRDA:1213,144,1,23
BRDA:1217,145,0,11
BRDA:1217,145,1,282
BRDA:1217,146,0,293
BRDA:1217,146,1,11
BRDA:1219,147,0,11
BRDA:1219,147,1,11
BRDA:1223,148,0,2
BRDA:1223,148,1,280
BRDA:1228,149,0,9
BRDA:1228,149,1,272
BRDA:1235,150,0,46
BRDA:1235,150,1,232
BRDA:1247,151,0,1
BRDA:1247,152,0,115
BRDA:1247,153,0,2
BRDA:1248,154,0,2
BRDA:1248,154,1,114
BRDA:1248,155,0,116
BRDA:1248,155,1,6
BRDA:1259,156,0,59
BRDA:1259,156,1,0
BRDA:1260,157,0,3
BRDA:1260,157,1,56
BRDA:1260,158,0,59
BRDA:1260,158,1,59
BRDA:1273,159,0,244
BRDA:1273,159,1,8
BRDA:1273,160,0,252
BRDA:1273,160,1,247
BRDA:1280,161,0,180
BRDA:1280,161,1,13
BRDA:1286,162,0,52
BRDA:1286,162,1,62
BRDA:1303,163,0,525
BRDA:1303,163,1,513
BRDA:1310,164,0,9
BRDA:1315,165,0,171
BRDA:1315,165,1,255
BRDA:1316,166,0,13
BRDA:1316,166,1,158
BRDA:1319,167,0,156
BRDA:1319,167,1,99
BRF:324
BRH:316
end_of_record
