TN:
SF:dist/duckfficer.js
FN:18,castArray
FN:48,obj2dot
FN:50,(anonymous_2)
FN:82,find
FN:96,forEach
FN:105,escapeRegExp
FN:128,render
FN:130,(anonymous_7)
FN:136,isNotNullObj
FN:140,getSubProperties
FN:143,(anonymous_10)
FN:143,(anonymous_11)
FN:174,propertiesRestricted
FN:182,(anonymous_13)
FN:197,(anonymous_14)
FN:202,(anonymous_15)
FN:205,(anonymous_16)
FN:224,(anonymous_17)
FN:264,castThrowable
FN:272,(anonymous_19)
FN:275,(anonymous_20)
FN:345,(anonymous_21)
FN:347,(anonymous_22)
FN:363,(anonymous_23)
FN:383,(anonymous_24)
FN:388,(anonymous_25)
FN:413,(anonymous_26)
FN:416,(anonymous_27)
FN:436,(anonymous_28)
FN:448,(anonymous_29)
FN:465,(anonymous_30)
FN:485,(anonymous_31)
FN:492,(anonymous_32)
FN:526,(anonymous_33)
FN:529,(anonymous_34)
FN:546,(anonymous_35)
FN:567,(anonymous_36)
FN:570,(anonymous_37)
FN:592,(anonymous_38)
FN:612,(anonymous_39)
FN:619,(anonymous_40)
FN:653,(anonymous_41)
FN:659,(anonymous_42)
FN:692,(anonymous_43)
FN:720,(anonymous_44)
FN:730,(anonymous_45)
FN:751,(anonymous_46)
FN:758,(anonymous_47)
FN:837,(anonymous_48)
FN:889,(anonymous_49)
FN:893,(anonymous_50)
FN:897,(anonymous_51)
FN:901,(anonymous_52)
FN:908,(anonymous_53)
FN:918,(anonymous_54)
FN:933,(anonymous_55)
FN:942,(anonymous_56)
FN:943,(anonymous_57)
FN:973,(anonymous_58)
FN:977,(anonymous_59)
FN:1001,(anonymous_60)
FN:1005,(anonymous_61)
FN:1006,(anonymous_62)
FN:1012,(anonymous_63)
FN:1018,(anonymous_64)
FN:1019,(anonymous_65)
FN:1028,(anonymous_66)
FN:1041,(anonymous_67)
FN:1054,(anonymous_68)
FN:1057,(anonymous_69)
FN:1077,(anonymous_70)
FN:1086,(anonymous_71)
FN:1094,(anonymous_72)
FN:1105,(anonymous_73)
FN:1123,(anonymous_74)
FN:1126,(anonymous_75)
FN:1136,(anonymous_76)
FN:1149,(anonymous_77)
FN:1177,(anonymous_78)
FN:1196,(anonymous_79)
FN:1203,(anonymous_80)
FN:1213,(anonymous_81)
FN:1229,(anonymous_82)
FN:1278,(anonymous_83)
FN:1280,(anonymous_84)
FN:1303,(anonymous_85)
FN:1311,(anonymous_86)
FN:1370,(anonymous_87)
FN:1378,(anonymous_88)
FN:1394,(anonymous_89)
FN:1398,(anonymous_90)
FN:1422,(anonymous_91)
FN:1430,(anonymous_92)
FN:1434,(anonymous_93)
FNF:94
FNH:93
FNDA:312,castArray
FNDA:1299,obj2dot
FNDA:4891,(anonymous_2)
FNDA:11459,find
FNDA:666,forEach
FNDA:11324,escapeRegExp
FNDA:158,render
FNDA:3739,(anonymous_7)
FNDA:1455,isNotNullObj
FNDA:6,getSubProperties
FNDA:37,(anonymous_10)
FNDA:25,(anonymous_11)
FNDA:131,propertiesRestricted
FNDA:37,(anonymous_13)
FNDA:266,(anonymous_14)
FNDA:90,(anonymous_15)
FNDA:10,(anonymous_16)
FNDA:272,(anonymous_17)
FNDA:32,castThrowable
FNDA:4,(anonymous_19)
FNDA:8,(anonymous_20)
FNDA:10,(anonymous_21)
FNDA:8,(anonymous_22)
FNDA:14,(anonymous_23)
FNDA:6,(anonymous_24)
FNDA:2,(anonymous_25)
FNDA:2,(anonymous_26)
FNDA:11,(anonymous_27)
FNDA:33,(anonymous_28)
FNDA:37,(anonymous_29)
FNDA:7,(anonymous_30)
FNDA:2,(anonymous_31)
FNDA:3,(anonymous_32)
FNDA:4,(anonymous_33)
FNDA:44,(anonymous_34)
FNDA:28,(anonymous_35)
FNDA:6,(anonymous_36)
FNDA:6,(anonymous_37)
FNDA:11,(anonymous_38)
FNDA:4,(anonymous_39)
FNDA:6,(anonymous_40)
FNDA:1,(anonymous_41)
FNDA:169,(anonymous_42)
FNDA:148,(anonymous_43)
FNDA:157,(anonymous_44)
FNDA:1,(anonymous_45)
FNDA:2,(anonymous_46)
FNDA:1306,(anonymous_47)
FNDA:297,(anonymous_48)
FNDA:4283,(anonymous_49)
FNDA:306,(anonymous_50)
FNDA:1010,(anonymous_51)
FNDA:3406,(anonymous_52)
FNDA:24,(anonymous_53)
FNDA:7,(anonymous_54)
FNDA:0,(anonymous_55)
FNDA:74,(anonymous_56)
FNDA:165,(anonymous_57)
FNDA:297,(anonymous_58)
FNDA:1069,(anonymous_59)
FNDA:169,(anonymous_60)
FNDA:345,(anonymous_61)
FNDA:793,(anonymous_62)
FNDA:75,(anonymous_63)
FNDA:55,(anonymous_64)
FNDA:61,(anonymous_65)
FNDA:51,(anonymous_66)
FNDA:22,(anonymous_67)
FNDA:531,(anonymous_68)
FNDA:949,(anonymous_69)
FNDA:15,(anonymous_70)
FNDA:442,(anonymous_71)
FNDA:12,(anonymous_72)
FNDA:266,(anonymous_73)
FNDA:1010,(anonymous_74)
FNDA:306,(anonymous_75)
FNDA:24,(anonymous_76)
FNDA:451,(anonymous_77)
FNDA:3,(anonymous_78)
FNDA:4,(anonymous_79)
FNDA:13,(anonymous_80)
FNDA:7,(anonymous_81)
FNDA:3,(anonymous_82)
FNDA:13,(anonymous_83)
FNDA:13,(anonymous_84)
FNDA:353,(anonymous_85)
FNDA:12,(anonymous_86)
FNDA:122,(anonymous_87)
FNDA:261,(anonymous_88)
FNDA:261,(anonymous_89)
FNDA:261,(anonymous_90)
FNDA:1163,(anonymous_91)
FNDA:96,(anonymous_92)
FNDA:468,(anonymous_93)
DA:8,20
DA:10,20
DA:19,312
DA:49,1299
DA:50,1299
DA:51,4891
DA:52,1136
DA:54,3755
DA:56,1299
DA:83,11459
DA:84,11459
DA:85,7556
DA:87,3903
DA:97,666
DA:98,1252
DA:99,540
DA:106,11324
DA:129,158
DA:130,158
DA:131,3739
DA:133,158
DA:137,1455
DA:141,6
DA:142,6
DA:143,37
DA:175,131
DA:176,1
DA:179,130
DA:181,130
DA:182,9
DA:183,37
DA:184,6
DA:185,6
DA:186,6
DA:189,31
DA:190,2
DA:191,2
DA:196,130
DA:197,126
DA:198,266
DA:199,29
DA:200,29
DA:201,29
DA:203,90
DA:206,10
DA:207,10
DA:210,29
DA:211,29
DA:214,237
DA:215,5
DA:216,5
DA:221,130
DA:224,20
DA:225,622
DA:228,20
DA:265,32
DA:266,14
DA:269,18
DA:272,20
DA:273,4
DA:274,4
DA:275,4
DA:276,8
DA:278,2
DA:330,20
DA:346,10
DA:347,4
DA:348,8
DA:349,8
DA:358,8
DA:361,6
DA:364,14
DA:365,4
DA:384,6
DA:385,4
DA:389,2
DA:390,2
DA:391,2
DA:396,2
DA:414,2
DA:417,11
DA:418,4
DA:437,33
DA:438,7
DA:441,26
DA:443,26
DA:444,20
DA:446,26
DA:449,37
DA:450,9
DA:466,7
DA:467,5
DA:486,2
DA:487,1
DA:490,2
DA:493,3
DA:494,2
DA:527,4
DA:530,44
DA:531,13
DA:534,31
DA:535,1
DA:538,30
DA:539,1
DA:542,29
DA:543,1
DA:547,28
DA:548,2
DA:549,2
DA:551,26
DA:568,6
DA:569,3
DA:570,3
DA:571,6
DA:572,6
DA:573,6
DA:585,6
DA:587,1
DA:590,3
DA:593,11
DA:594,5
DA:613,4
DA:614,1
DA:617,4
DA:620,6
DA:621,4
DA:654,1
DA:655,1
DA:657,1
DA:660,169
DA:661,11
DA:664,158
DA:665,1
DA:668,157
DA:669,2
DA:671,2
DA:672,1
DA:676,156
DA:677,2
DA:679,2
DA:680,1
DA:684,155
DA:685,17
DA:687,17
DA:688,6
DA:693,148
DA:694,1
DA:696,148
DA:697,1
DA:699,148
DA:721,157
DA:722,157
DA:723,157
DA:724,157
DA:731,1
DA:732,1
DA:736,1
DA:737,1
DA:741,1
DA:752,2
DA:753,2
DA:754,2
DA:758,1306
DA:838,297
DA:840,297
DA:841,1
DA:844,297
DA:845,297
DA:846,297
DA:848,297
DA:850,297
DA:851,297
DA:852,297
DA:853,297
DA:854,297
DA:855,297
DA:856,297
DA:861,297
DA:867,297
DA:875,297
DA:876,74
DA:878,223
DA:879,223
DA:882,296
DA:883,1
DA:886,295
DA:890,4283
DA:894,306
DA:898,1010
DA:902,3406
DA:903,3163
DA:905,243
DA:909,24
DA:910,5
DA:912,19
DA:913,12
DA:915,7
DA:919,7
DA:920,4
DA:922,3
DA:923,3
DA:924,3
DA:934,0
DA:935,0
DA:936,0
DA:938,0
DA:943,74
DA:944,165
DA:946,165
DA:947,2
DA:952,2
DA:955,163
DA:956,7
DA:963,156
DA:974,297
DA:978,1069
DA:979,27
DA:982,1042
DA:983,579
DA:986,463
DA:987,258
DA:990,205
DA:991,149
DA:994,56
DA:995,5
DA:998,56
DA:1002,169
DA:1006,793
DA:1013,75
DA:1015,75
DA:1017,75
DA:1018,22
DA:1019,55
DA:1020,61
DA:1025,75
DA:1029,51
DA:1040,51
DA:1041,51
DA:1046,51
DA:1055,531
DA:1057,531
DA:1058,949
DA:1059,531
DA:1060,531
DA:1064,531
DA:1065,1
DA:1068,530
DA:1078,15
DA:1087,442
DA:1088,327
DA:1091,115
DA:1092,115
DA:1093,4
DA:1094,4
DA:1095,12
DA:1099,6
DA:1105,115
DA:1106,266
DA:1107,266
DA:1109,1
DA:1110,1
DA:1114,115
DA:1115,5
DA:1124,1010
DA:1125,1010
DA:1126,129
DA:1127,306
DA:1128,306
DA:1129,252
DA:1133,1010
DA:1137,24
DA:1152,451
DA:1154,451
DA:1155,176
DA:1158,447
DA:1159,120
DA:1162,327
DA:1173,306
DA:1176,304
DA:1177,94
DA:1178,3
DA:1185,304
DA:1186,102
DA:1187,102
DA:1196,102
DA:1197,4
DA:1198,4
DA:1199,4
DA:1200,4
DA:1201,4
DA:1203,4
DA:1204,13
DA:1205,13
DA:1206,13
DA:1208,1
DA:1212,12
DA:1214,7
DA:1215,7
DA:1216,1
DA:1219,6
DA:1220,6
DA:1222,1
DA:1227,5
DA:1230,3
DA:1231,3
DA:1232,1
DA:1235,2
DA:1236,2
DA:1238,1
DA:1243,1
DA:1247,12
DA:1249,7
DA:1250,3
DA:1251,3
DA:1253,1
DA:1257,4
DA:1260,4
DA:1268,304
DA:1280,13
DA:1282,13
DA:1283,8
DA:1286,13
DA:1287,13
DA:1289,13
DA:1290,13
DA:1297,13
DA:1300,9
DA:1304,353
DA:1305,1
DA:1308,352
DA:1309,6
DA:1311,6
DA:1312,12
DA:1313,12
DA:1314,12
DA:1315,4
DA:1316,4
DA:1321,6
DA:1322,2
DA:1324,4
DA:1326,346
DA:1328,346
DA:1329,3
DA:1332,343
DA:1333,14
DA:1336,343
DA:1337,12
DA:1340,331
DA:1341,11
DA:1342,11
DA:1346,320
DA:1347,2
DA:1351,319
DA:1352,11
DA:1355,316
DA:1358,316
DA:1359,49
DA:1363,316
DA:1364,242
DA:1367,240
DA:1371,122
DA:1372,7
DA:1374,115
DA:1375,115
DA:1378,115
DA:1379,261
DA:1380,261
DA:1382,58
DA:1383,58
DA:1384,3
DA:1386,55
DA:1389,0
DA:1394,115
DA:1395,261
DA:1396,261
DA:1398,261
DA:1399,261
DA:1400,203
DA:1401,185
DA:1406,115
DA:1407,51
DA:1410,64
DA:1423,1163
DA:1424,588
DA:1427,575
DA:1431,96
DA:1435,468
DA:1436,173
DA:1439,295
DA:1440,161
DA:1445,20
DA:1446,20
DA:1447,20
DA:1448,20
LF:394
LH:389
BRDA:19,0,0,16
BRDA:19,0,1,296
BRDA:48,1,0,163
BRDA:48,2,0,163
BRDA:48,3,0,163
BRDA:51,4,0,1136
BRDA:51,4,1,3755
BRDA:51,5,0,4891
BRDA:51,5,1,3327
BRDA:51,5,2,1779
BRDA:83,6,0,7556
BRDA:83,6,1,3903
BRDA:84,7,0,7556
BRDA:84,7,1,3903
BRDA:84,8,0,11459
BRDA:84,8,1,7563
BRDA:87,9,0,3902
BRDA:87,9,1,1
BRDA:98,10,0,540
BRDA:98,10,1,712
BRDA:137,11,0,1455
BRDA:137,11,1,760
BRDA:137,11,2,732
BRDA:174,12,0,122
BRDA:174,13,0,122
BRDA:175,14,0,1
BRDA:175,14,1,130
BRDA:181,15,0,9
BRDA:181,15,1,121
BRDA:183,16,0,6
BRDA:183,16,1,31
BRDA:189,17,0,2
BRDA:189,17,1,29
BRDA:196,18,0,126
BRDA:196,18,1,4
BRDA:198,19,0,29
BRDA:198,19,1,237
BRDA:198,20,0,266
BRDA:198,20,1,40
BRDA:210,21,0,29
BRDA:210,21,1,3
BRDA:214,22,0,5
BRDA:214,22,1,232
BRDA:265,23,0,14
BRDA:265,23,1,18
BRDA:265,24,0,32
BRDA:265,24,1,14
BRDA:346,25,0,4
BRDA:346,25,1,6
BRDA:349,26,0,4
BRDA:349,26,1,4
BRDA:364,27,0,4
BRDA:364,27,1,10
BRDA:384,28,0,4
BRDA:384,28,1,2
BRDA:389,29,0,2
BRDA:389,29,1,0
BRDA:417,30,0,4
BRDA:417,30,1,7
BRDA:437,31,0,7
BRDA:437,31,1,26
BRDA:441,32,0,5
BRDA:441,32,1,21
BRDA:443,33,0,20
BRDA:443,33,1,6
BRDA:449,34,0,9
BRDA:449,34,1,28
BRDA:466,35,0,5
BRDA:466,35,1,2
BRDA:486,36,0,1
BRDA:486,36,1,1
BRDA:486,37,0,2
BRDA:486,37,1,1
BRDA:493,38,0,2
BRDA:493,38,1,1
BRDA:530,39,0,13
BRDA:530,39,1,31
BRDA:530,40,0,44
BRDA:530,40,1,32
BRDA:534,41,0,1
BRDA:534,41,1,30
BRDA:534,42,0,31
BRDA:534,42,1,2
BRDA:538,43,0,1
BRDA:538,43,1,29
BRDA:538,44,0,30
BRDA:538,44,1,2
BRDA:542,45,0,1
BRDA:542,45,1,28
BRDA:542,46,0,29
BRDA:542,46,1,2
BRDA:547,47,0,2
BRDA:547,47,1,26
BRDA:568,48,0,3
BRDA:568,48,1,3
BRDA:573,49,0,4
BRDA:573,49,1,2
BRDA:593,50,0,5
BRDA:593,50,1,6
BRDA:613,51,0,1
BRDA:613,51,1,3
BRDA:620,52,0,4
BRDA:620,52,1,2
BRDA:654,53,0,1
BRDA:654,53,1,0
BRDA:654,54,0,1
BRDA:654,54,1,1
BRDA:654,54,2,1
BRDA:654,54,3,1
BRDA:660,55,0,11
BRDA:660,55,1,158
BRDA:664,56,0,1
BRDA:664,56,1,157
BRDA:664,57,0,158
BRDA:664,57,1,158
BRDA:664,57,2,2
BRDA:668,58,0,2
BRDA:668,58,1,155
BRDA:671,59,0,1
BRDA:671,59,1,1
BRDA:676,60,0,2
BRDA:676,60,1,154
BRDA:679,61,0,1
BRDA:679,61,1,1
BRDA:684,62,0,17
BRDA:684,62,1,138
BRDA:687,63,0,6
BRDA:687,63,1,11
BRDA:693,64,0,1
BRDA:693,64,1,147
BRDA:696,65,0,1
BRDA:696,65,1,147
BRDA:720,66,0,97
BRDA:736,67,0,1
BRDA:736,67,1,0
BRDA:837,68,0,123
BRDA:837,69,0,296
BRDA:837,70,0,295
BRDA:837,71,0,295
BRDA:840,72,0,1
BRDA:840,72,1,296
BRDA:840,73,0,297
BRDA:840,73,1,3
BRDA:851,74,0,297
BRDA:851,74,1,134
BRDA:875,75,0,74
BRDA:875,75,1,223
BRDA:878,76,0,97
BRDA:878,76,1,126
BRDA:882,77,0,1
BRDA:882,77,1,295
BRDA:882,78,0,296
BRDA:882,78,1,12
BRDA:894,79,0,306
BRDA:894,79,1,302
BRDA:898,80,0,1010
BRDA:898,80,1,1004
BRDA:902,81,0,3163
BRDA:902,81,1,243
BRDA:902,82,0,3406
BRDA:902,82,1,3211
BRDA:902,82,2,3208
BRDA:909,83,0,5
BRDA:909,83,1,19
BRDA:912,84,0,12
BRDA:912,84,1,7
BRDA:912,85,0,19
BRDA:912,85,1,17
BRDA:919,86,0,4
BRDA:919,86,1,3
BRDA:946,87,0,2
BRDA:946,87,1,163
BRDA:946,88,0,165
BRDA:946,88,1,163
BRDA:955,89,0,7
BRDA:955,89,1,156
BRDA:974,90,0,297
BRDA:974,90,1,79
BRDA:978,91,0,27
BRDA:978,91,1,1042
BRDA:982,92,0,579
BRDA:982,92,1,463
BRDA:986,93,0,258
BRDA:986,93,1,205
BRDA:986,94,0,463
BRDA:986,94,1,412
BRDA:990,95,0,149
BRDA:990,95,1,56
BRDA:990,96,0,205
BRDA:990,96,1,154
BRDA:994,97,0,5
BRDA:994,97,1,51
BRDA:1002,98,0,10
BRDA:1002,98,1,159
BRDA:1002,99,0,169
BRDA:1002,99,1,86
BRDA:1015,100,0,75
BRDA:1015,100,1,59
BRDA:1017,101,0,22
BRDA:1017,101,1,53
BRDA:1020,102,0,10
BRDA:1020,102,1,51
BRDA:1028,103,0,36
BRDA:1030,104,0,51
BRDA:1030,104,1,38
BRDA:1031,105,0,51
BRDA:1031,105,1,38
BRDA:1032,106,0,51
BRDA:1032,106,1,38
BRDA:1033,107,0,13
BRDA:1033,107,1,38
BRDA:1033,108,0,51
BRDA:1033,108,1,51
BRDA:1034,109,0,13
BRDA:1034,109,1,38
BRDA:1034,110,0,51
BRDA:1034,110,1,51
BRDA:1037,111,0,51
BRDA:1037,111,1,51
BRDA:1040,112,0,51
BRDA:1040,112,1,0
BRDA:1058,113,0,531
BRDA:1058,113,1,418
BRDA:1064,114,0,1
BRDA:1064,114,1,530
BRDA:1077,115,0,14
BRDA:1078,116,0,1
BRDA:1078,116,1,14
BRDA:1087,117,0,327
BRDA:1087,117,1,115
BRDA:1087,118,0,442
BRDA:1087,118,1,134
BRDA:1092,119,0,4
BRDA:1092,119,1,111
BRDA:1093,120,0,4
BRDA:1093,120,1,0
BRDA:1095,121,0,6
BRDA:1095,121,1,6
BRDA:1096,122,0,12
BRDA:1096,122,1,12
BRDA:1099,123,0,1
BRDA:1099,123,1,5
BRDA:1114,124,0,5
BRDA:1114,124,1,110
BRDA:1115,125,0,1
BRDA:1115,125,1,4
BRDA:1125,126,0,129
BRDA:1125,126,1,881
BRDA:1125,127,0,1010
BRDA:1125,127,1,224
BRDA:1125,127,2,209
BRDA:1128,128,0,252
BRDA:1128,128,1,54
BRDA:1137,129,0,0
BRDA:1137,129,1,24
BRDA:1149,130,0,177
BRDA:1149,131,0,178
BRDA:1149,132,0,450
BRDA:1154,133,0,176
BRDA:1154,133,1,275
BRDA:1158,134,0,120
BRDA:1158,134,1,327
BRDA:1176,135,0,94
BRDA:1176,135,1,210
BRDA:1185,136,0,102
BRDA:1185,136,1,202
BRDA:1185,137,0,304
BRDA:1185,137,1,210
BRDA:1204,138,0,13
BRDA:1204,138,1,0
BRDA:1206,139,0,13
BRDA:1206,139,1,0
BRDA:1208,140,0,0
BRDA:1208,140,1,1
BRDA:1214,141,0,7
BRDA:1214,141,1,0
BRDA:1215,142,0,1
BRDA:1215,142,1,6
BRDA:1223,143,0,0
BRDA:1223,143,1,1
BRDA:1230,144,0,3
BRDA:1230,144,1,0
BRDA:1231,145,0,1
BRDA:1231,145,1,2
BRDA:1236,146,0,2
BRDA:1236,146,1,0
BRDA:1239,147,0,0
BRDA:1239,147,1,1
BRDA:1247,148,0,12
BRDA:1247,148,1,0
BRDA:1247,149,0,0
BRDA:1247,149,1,12
BRDA:1249,150,0,3
BRDA:1249,150,1,4
BRDA:1253,151,0,0
BRDA:1253,151,1,1
BRDA:1282,152,0,8
BRDA:1282,152,1,5
BRDA:1289,153,0,13
BRDA:1289,153,1,0
BRDA:1303,154,0,1
BRDA:1303,155,0,1
BRDA:1304,156,0,1
BRDA:1304,156,1,352
BRDA:1304,157,0,353
BRDA:1304,157,1,12
BRDA:1308,158,0,6
BRDA:1308,158,1,346
BRDA:1321,159,0,2
BRDA:1321,159,1,4
BRDA:1322,160,0,1
BRDA:1322,160,1,1
BRDA:1328,161,0,3
BRDA:1328,161,1,343
BRDA:1332,162,0,14
BRDA:1332,162,1,329
BRDA:1332,163,0,343
BRDA:1332,163,1,19
BRDA:1333,164,0,8
BRDA:1333,164,1,6
BRDA:1336,165,0,12
BRDA:1336,165,1,331
BRDA:1336,166,0,343
BRDA:1336,166,1,23
BRDA:1340,167,0,11
BRDA:1340,167,1,320
BRDA:1340,168,0,331
BRDA:1340,168,1,11
BRDA:1342,169,0,11
BRDA:1342,169,1,11
BRDA:1346,170,0,2
BRDA:1346,170,1,318
BRDA:1351,171,0,11
BRDA:1351,171,1,308
BRDA:1358,172,0,49
BRDA:1358,172,1,267
BRDA:1370,173,0,1
BRDA:1370,174,0,121
BRDA:1370,175,0,2
BRDA:1371,176,0,7
BRDA:1371,176,1,115
BRDA:1371,177,0,122
BRDA:1371,177,1,12
BRDA:1382,178,0,58
BRDA:1382,178,1,0
BRDA:1383,179,0,3
BRDA:1383,179,1,55
BRDA:1383,180,0,58
BRDA:1383,180,1,58
BRDA:1396,181,0,253
BRDA:1396,181,1,8
BRDA:1400,182,0,185
BRDA:1400,182,1,18
BRDA:1406,183,0,51
BRDA:1406,183,1,64
BRDA:1423,184,0,588
BRDA:1423,184,1,575
BRDA:1430,185,0,10
BRDA:1435,186,0,173
BRDA:1435,186,1,295
BRDA:1436,187,0,10
BRDA:1436,187,1,163
BRDA:1439,188,0,161
BRDA:1439,188,1,134
BRF:364
BRH:345
end_of_record
